17:09:54.964 INFO  - Processing command line option -hwspec \\my.files.iastate.edu\users\kfisch13\Desktop\cpre488mp0\system\SDK\SDK_Export\hw\system.xml. 
17:27:01.920 INFO  - FPGA configured successfully with bitstream "//my.files.iastate.edu/Users/kfisch13/Desktop/cpre488mp0/sw/system_hw_platform/system.bit" 
17:28:08.476 INFO  - FPGA configured successfully with bitstream "//my.files.iastate.edu/Users/kfisch13/Desktop/cpre488mp0/sw/system_hw_platform/system.bit" 
17:33:41.494 ERROR - Unexpected error while parsing XMD response ?: com.google.gson.JsonSyntaxException: com.google.gson.stream.MalformedJsonException: invalid number or unquoted string near  
17:33:45.582 INFO  - Processing command line option -hwspec \\my.files.iastate.edu\users\kfisch13\Desktop\cpre488mp0\system\SDK\SDK_Export\hw\system.xml. 
17:34:20.892 INFO  - Processor reset is completed for ps7_cortexa9_0 
17:34:20.992 INFO  - PS initialization will be done as it is not done before. 
17:34:20.992 INFO  - Running PS initialization.... 
17:34:21.482 INFO  - ps7_init is completed. 
17:34:21.582 INFO  - ps7_post_config is completed. 
17:34:21.692 INFO  - PS Initialization is complete. 
17:35:13.097 INFO  - Processor reset is completed for ps7_cortexa9_0 
17:36:04.584 INFO  - Processor reset is completed for ps7_cortexa9_0 
17:45:52.706 INFO  - Processor reset is completed for ps7_cortexa9_0 
17:55:17.458 INFO  - ps7_cortexa9_0 Processor is in use. Please stop existing Run or Debug sessions before launching. 
17:55:22.323 INFO  - Processor reset is completed for ps7_cortexa9_0 
17:56:24.149 INFO  - Processor reset is completed for ps7_cortexa9_0 
17:57:29.110 INFO  - ps7_cortexa9_0 Processor is in use. Please stop existing Run or Debug sessions before launching. 
17:57:51.935 INFO  - ps7_cortexa9_0 Processor is in use. Please stop existing Run or Debug sessions before launching. 
17:57:56.380 INFO  - Processor reset is completed for ps7_cortexa9_0 
17:58:29.181 INFO  - Processor reset is completed for ps7_cortexa9_0 
17:59:57.907 INFO  - ps7_cortexa9_0 Processor is in use. Please stop existing Run or Debug sessions before launching. 
18:00:01.183 INFO  - Processor reset is completed for ps7_cortexa9_0 
18:01:04.130 INFO  - Processor reset is completed for ps7_cortexa9_0 
18:01:39.681 INFO  - ps7_cortexa9_0 Processor is in use. Please stop existing Run or Debug sessions before launching. 
18:01:42.198 INFO  - Processor reset is completed for ps7_cortexa9_0 
18:02:16.295 INFO  - ps7_cortexa9_0 Processor is in use. Please stop existing Run or Debug sessions before launching. 
18:02:20.100 INFO  - Processor reset is completed for ps7_cortexa9_0 
18:04:04.260 INFO  - Processor reset is completed for ps7_cortexa9_0 
18:06:05.966 INFO  - ps7_cortexa9_0 Processor is in use. Please stop existing Run or Debug sessions before launching. 
18:06:08.225 INFO  - Processor reset is completed for ps7_cortexa9_0 
18:08:35.600 INFO  - ps7_cortexa9_0 Processor is in use. Please stop existing Run or Debug sessions before launching. 
18:08:37.016 INFO  - Processor reset is completed for ps7_cortexa9_0 
18:09:08.907 INFO  - ps7_cortexa9_0 Processor is in use. Please stop existing Run or Debug sessions before launching. 
18:09:10.737 INFO  - Processor reset is completed for ps7_cortexa9_0 
18:10:57.904 INFO  - ps7_cortexa9_0 Processor is in use. Please stop existing Run or Debug sessions before launching. 
18:10:59.423 INFO  - Processor reset is completed for ps7_cortexa9_0 
18:13:15.952 INFO  - ps7_cortexa9_0 Processor is in use. Please stop existing Run or Debug sessions before launching. 
18:13:17.987 INFO  - Processor reset is completed for ps7_cortexa9_0 
18:13:52.188 INFO  - Processor reset is completed for ps7_cortexa9_0 
18:15:16.499 INFO  - Processor reset is completed for ps7_cortexa9_0 
18:44:31.775 INFO  - Processor reset is completed for ps7_cortexa9_0 
12:51:53.191 INFO  - Processing command line option -hwspec \\my.files.iastate.edu\users\kfisch13\Desktop\cpre488mp0\system\SDK\SDK_Export\hw\system.xml. 
12:51:55.529 INFO  - The hardware specification for project 'system_hw_platform' is different from \\my.files.iastate.edu\users\kfisch13\Desktop\cpre488mp0\system\SDK\SDK_Export\hw\system.xml. 
12:51:56.219 INFO  - Copied contents of \\my.files.iastate.edu\users\kfisch13\Desktop\cpre488mp0\system\SDK\SDK_Export\hw\system.xml into \system_hw_platform\system.xml. 
12:51:56.810 INFO  - Copied contents of \\my.files.iastate.edu\users\kfisch13\Desktop\cpre488mp0\system\SDK\SDK_Export\hw\system.bit into \system_hw_platform\system.bit. 
12:51:57.420 INFO  - Copied contents of \\my.files.iastate.edu\users\kfisch13\Desktop\cpre488mp0\system\SDK\SDK_Export\hw\ps7_init.c into \system_hw_platform\ps7_init.c. 
12:51:57.670 INFO  - Copied contents of \\my.files.iastate.edu\users\kfisch13\Desktop\cpre488mp0\system\SDK\SDK_Export\hw\ps7_init.h into \system_hw_platform\ps7_init.h. 
12:51:57.820 INFO  - Copied contents of \\my.files.iastate.edu\users\kfisch13\Desktop\cpre488mp0\system\SDK\SDK_Export\hw\ps7_init.html into \system_hw_platform\ps7_init.html. 
12:51:58.080 INFO  - Copied contents of \\my.files.iastate.edu\users\kfisch13\Desktop\cpre488mp0\system\SDK\SDK_Export\hw\ps7_init.tcl into \system_hw_platform\ps7_init.tcl. 
12:51:58.250 INFO  - Synchronizing projects in the workspace with the hardware platform specification changes. 
12:52:00.660 INFO  - Updating hardware inferred compiler options for hello_world. 
12:52:00.670 INFO  - Clearing existing target manager status. 
12:52:02.923 INFO  - Workspace synchronized with the new hardware specification file. Cleaning dependent projects... 
13:20:11.698 INFO  - Project general_bsp was a BSP project. Please update references. 
13:20:11.708 ERROR - SDK has detected that project general_bsp has been deleted (or renamed).
If this project was a BSP referenced by other C/C++ applications, then those applications will fail to build now. Please right click on those applications and click 'Change Referenced BSP' to update those projects' BSP references. 
13:38:24.441 ERROR - Unexpected error while parsing XMD response ?: com.google.gson.JsonSyntaxException: com.google.gson.stream.MalformedJsonException: invalid number or unquoted string near  
