Release 14.7 - platgen Xilinx EDK 14.7 Build EDK_P.20131013
 (nt64)
Copyright (c) 1995-2013 Xilinx, Inc.  All rights reserved.

Command Line: platgen -p xc7z020clg484-1 -lang vhdl -intstyle default -msg
__xps/ise/xmsgprops.lst system.mhs 

WARNING:EDK - INFO:Security:51 - The XILINXD_LICENSE_FILE environment variable
   is not set.
   INFO:Security:52 - The LM_LICENSE_FILE environment variable is set to
   '1717@io.ece.iastate.edu;27008@io.ece.iastate.edu;
   27006@io.ece.iastate.edu;27003@io.ece.iastate.edu'.
   INFO:Security:71 - If a license for part 'xc7z020' is available, it will be
   possible to use 'XPS_TDP' instead of 'XPS'.
   WARNING:Security:43 - No license file was found in the standard Xilinx
   license directory.
   WARNING:Security:44 - Since no license file was found,
          please run the Xilinx License Configuration Manager
          (xlcm or "Manage Xilinx Licenses")
          to assist in obtaining a license.
   WARNING:Security:42 - Your software subscription period has lapsed. Your
   current version of Xilinx tools will continue to function, but you no longer
   qualify for Xilinx software updates or new releases.


Parse U:/Desktop/cpre488mp0/system/system.mhs ...

Read MPD definitions ...

Overriding IP level properties ...
INFO:EDK:4130 - IPNAME: axi_interconnect, INSTANCE:axi4lite_0 - tcl is
   overriding PARAMETER C_BASEFAMILY value to zynq -
   C:\Xilinx\14.7\ISE_DS\EDK\hw\XilinxProcessorIPLib\pcores\axi_interconnect_v1_
   06_a\data\axi_interconnect_v2_1_0.mpd line 81 
INFO:EDK:4130 - IPNAME: processing_system7, INSTANCE:processing_system7_0 - tcl
   is overriding PARAMETER C_S_AXI_HP0_HIGHADDR value to 0x1FFFFFFF -
   C:\Xilinx\14.7\ISE_DS\EDK\hw\XilinxProcessorIPLib\pcores\processing_system7_v
   4_03_a\data\processing_system7_v2_1_0.mpd line 300 
INFO:EDK:4130 - IPNAME: processing_system7, INSTANCE:processing_system7_0 - tcl
   is overriding PARAMETER C_S_AXI_HP1_HIGHADDR value to 0x1FFFFFFF -
   C:\Xilinx\14.7\ISE_DS\EDK\hw\XilinxProcessorIPLib\pcores\processing_system7_v
   4_03_a\data\processing_system7_v2_1_0.mpd line 304 
INFO:EDK:4130 - IPNAME: processing_system7, INSTANCE:processing_system7_0 - tcl
   is overriding PARAMETER C_S_AXI_HP2_HIGHADDR value to 0x1FFFFFFF -
   C:\Xilinx\14.7\ISE_DS\EDK\hw\XilinxProcessorIPLib\pcores\processing_system7_v
   4_03_a\data\processing_system7_v2_1_0.mpd line 308 
INFO:EDK:4130 - IPNAME: processing_system7, INSTANCE:processing_system7_0 - tcl
   is overriding PARAMETER C_S_AXI_HP3_HIGHADDR value to 0x1FFFFFFF -
   C:\Xilinx\14.7\ISE_DS\EDK\hw\XilinxProcessorIPLib\pcores\processing_system7_v
   4_03_a\data\processing_system7_v2_1_0.mpd line 312 
INFO:EDK:4130 - IPNAME: processing_system7, INSTANCE:processing_system7_0 - tcl
   is overriding PARAMETER C_NUM_F2P_INTR_INPUTS value to 1 -
   C:\Xilinx\14.7\ISE_DS\EDK\hw\XilinxProcessorIPLib\pcores\processing_system7_v
   4_03_a\data\processing_system7_v2_1_0.mpd line 319 
INFO:EDK:4130 - IPNAME: axi_vdma, INSTANCE:axi_vdma_0 - tcl is overriding
   PARAMETER C_PRMRY_IS_ACLK_ASYNC value to 0 -
   C:\Xilinx\14.7\ISE_DS\EDK\hw\XilinxProcessorIPLib\pcores\axi_vdma_v5_04_a\dat
   a\axi_vdma_v2_1_0.mpd line 86 
INFO:EDK:4130 - IPNAME: axi_interconnect, INSTANCE:axi_interconnect_1 - tcl is
   overriding PARAMETER C_BASEFAMILY value to zynq -
   C:\Xilinx\14.7\ISE_DS\EDK\hw\XilinxProcessorIPLib\pcores\axi_interconnect_v1_
   06_a\data\axi_interconnect_v2_1_0.mpd line 81 

Computing clock values...
INFO:EDK:1432 - Frequency for Top-Level Input Clock
   'processing_system7_0_PS_CLK' is not specified. Clock DRCs will not be
   performed for IPs connected to that clock port, unless they are connected
   through the clock generator IP. 


Performing IP level DRCs on properties...

Running DRC Tcl procedures for OPTION IPLEVEL_DRC_PROC...
INFO:EDK - INFO: DDR Base and High address in current configuration is
   0x00000000 and 0x1FFFFFFF respectively. 
INFO:EDK - INFO: You can modify the DDR address range accessed by Programmable
   Logic through the processing_system7 AXI slave interfaces. If MicroBlaze is a
   master on processing_system7 AXI slave interfaces, please use the top half of
   the address range (Base Address = 0x10000000; High Address = 0x1FFFFFFF). For
   all other master, any subset of the DDR address can be used. See Xilinx
   Answer 47167 for more information. 
Address Map for Processor processing_system7_0
  (0x41200000-0x4120ffff) SWs_8Bits	axi4lite_0
  (0x41220000-0x4122ffff) LEDs_8Bits	axi4lite_0
  (0x41240000-0x4124ffff) BTNs_5Bits	axi4lite_0
  (0x43000000-0x4300ffff) axi_vdma_0	axi4lite_0
  (0x76800000-0x7680ffff) v_tc_0	axi4lite_0

Checking platform address map ...

Checking platform configuration ...
IPNAME: axi_interconnect, INSTANCE: axi4lite_0 - 1 master(s) : 5 slave(s) 
IPNAME: axi_interconnect, INSTANCE: axi_interconnect_1 - 1 master(s) : 1
slave(s) 

Checking port drivers...
WARNING:EDK:4180 - PORT: VGAData, CONNECTOR: v_axi4s_vid_out_0_video_data - No
   driver found. Port will be driven to GND -
   U:\Desktop\cpre488mp0\system\system.mhs line 38 
WARNING:EDK:4180 - PORT: HSync, CONNECTOR: v_axi4s_vid_out_0_video_hsync - No
   driver found. Port will be driven to GND -
   U:\Desktop\cpre488mp0\system\system.mhs line 39 
WARNING:EDK:4180 - PORT: VSync, CONNECTOR: v_axi4s_vid_out_0_video_vsync - No
   driver found. Port will be driven to GND -
   U:\Desktop\cpre488mp0\system\system.mhs line 40 
WARNING:EDK:4181 - PORT: m_axis_mm2s_tkeep, CONNECTOR:
   axi_vdma_0_M_AXIS_MM2S_TKEEP - floating connection -
   C:\Xilinx\14.7\ISE_DS\EDK\hw\XilinxProcessorIPLib\pcores\axi_vdma_v5_04_a\dat
   a\axi_vdma_v2_1_0.mpd line 208 
WARNING:EDK:4181 - PORT: active_chroma_out, CONNECTOR:
   v_tc_0_VTIMING_OUT_active_chroma - floating connection -
   C:\Xilinx\14.7\ISE_DS\EDK\hw\XilinxProcessorIPLib\pcores\v_tc_v5_01_a\data\v_
   tc_v2_1_0.mpd line 205 
WARNING:EDK:4181 - PORT: fsync_out, CONNECTOR: v_tc_0_fsync_out_0 - floating
   connection - U:\Desktop\cpre488mp0\system\system.mhs line 224 

Performing Clock DRCs...

Performing Reset DRCs...

Overriding system level properties...

INFO: Setting C_RANGE_CHECK = ON for axi_interconnect axi4lite_0.
INFO:EDK:4130 - IPNAME: axi_interconnect, INSTANCE:axi4lite_0 - tcl is
   overriding PARAMETER C_RANGE_CHECK value to 1 -
   C:\Xilinx\14.7\ISE_DS\EDK\hw\XilinxProcessorIPLib\pcores\axi_interconnect_v1_
   06_a\data\axi_interconnect_v2_1_0.mpd line 149 
INFO:EDK:4130 - IPNAME: processing_system7, INSTANCE:processing_system7_0 - tcl
   is overriding PARAMETER C_FCLK_CLK1_BUF value to FALSE -
   C:\Xilinx\14.7\ISE_DS\EDK\hw\XilinxProcessorIPLib\pcores\processing_system7_v
   4_03_a\data\processing_system7_v2_1_0.mpd line 351 
INFO:EDK:4130 - IPNAME: processing_system7, INSTANCE:processing_system7_0 - tcl
   is overriding PARAMETER C_FCLK_CLK2_BUF value to FALSE -
   C:\Xilinx\14.7\ISE_DS\EDK\hw\XilinxProcessorIPLib\pcores\processing_system7_v
   4_03_a\data\processing_system7_v2_1_0.mpd line 352 
INFO:EDK:4130 - IPNAME: processing_system7, INSTANCE:processing_system7_0 - tcl
   is overriding PARAMETER C_FCLK_CLK3_BUF value to FALSE -
   C:\Xilinx\14.7\ISE_DS\EDK\hw\XilinxProcessorIPLib\pcores\processing_system7_v
   4_03_a\data\processing_system7_v2_1_0.mpd line 353 

INFO: Setting C_RANGE_CHECK = OFF for axi_interconnect axi_interconnect_1; no
DECERR checking will be performed.
INFO:EDK:4130 - IPNAME: axi_interconnect, INSTANCE:axi_interconnect_1 - tcl is
   overriding PARAMETER C_RANGE_CHECK value to 0 -
   C:\Xilinx\14.7\ISE_DS\EDK\hw\XilinxProcessorIPLib\pcores\axi_interconnect_v1_
   06_a\data\axi_interconnect_v2_1_0.mpd line 149 

Running system level update procedures...

Running UPDATE Tcl procedures for OPTION SYSLEVEL_UPDATE_PROC...

Running system level DRCs...

Performing System level DRCs on properties...

Running DRC Tcl procedures for OPTION SYSLEVEL_DRC_PROC...
INFO:coreutil - Full license for component <v_tc> allows you to use this
   component. This license does not give you access to source code implementing
   this component.

   The license for this core was generated for zambreno on 01/28/2015It is the
   responsibility of the Licensee of this core to adhere to all terms and
   conditions of the applicable license agreement when using this core.



Running UPDATE Tcl procedures for OPTION PLATGEN_SYSLEVEL_UPDATE_PROC...
INFO: No asynchronous clock conversions in axi_interconnect axi4lite_0.
INFO: No asynchronous clock conversions in axi_interconnect axi_interconnect_1.
INFO: Generating core-level timing constraints for interconnect asynchronous
clock conversions in v_tc_0.
INFO: Generating core-level timing constraints for video asynchronous clock
conversions in v_tc_0.
WARNING:EDK -  ****************************************************************
WARNING:EDK -  Cannot determine frequency of clk or aclk for v_tc_0; generating 
WARNING:EDK -  2 NS DATAPATHONLY constraint for asynchronous clock-converter 
WARNING:EDK -  data pathways.


Modify defaults ...

Creating stub ...

Processing licensed instances ...
IPNAME:v_tc INSTANCE:v_tc_0 - U:\Desktop\cpre488mp0\system\system.mhs line 207 -
processing license
Completion time: 4.00 seconds

Creating hardware output directories ...

Managing hardware (BBD-specified) netlist files ...

Managing cache ...

Elaborating instances ...

Writing HDL for elaborated instances ...

Inserting wrapper level ...
Completion time: 0.00 seconds

Constructing platform-level connectivity ...
Completion time: 0.00 seconds

Writing (top-level) BMM ...

Writing (top-level and wrappers) HDL ...

Generating synthesis project file ...

Running XST synthesis ...

INFO:EDK:4211 - The following instances are synthesized with XST. The MPD option
   IMP_NETLIST=TRUE indicates that a NGC file is to be produced using XST
   synthesis. IMP_NETLIST=FALSE (default) instances are not synthesized. 
INSTANCE:axi4lite_0 - U:\Desktop\cpre488mp0\system\system.mhs line 43 - Running
XST synthesis
INSTANCE:sws_8bits - U:\Desktop\cpre488mp0\system\system.mhs line 51 - Running
XST synthesis
INSTANCE:leds_8bits - U:\Desktop\cpre488mp0\system\system.mhs line 65 - Running
XST synthesis
INSTANCE:btns_5bits - U:\Desktop\cpre488mp0\system\system.mhs line 79 - Running
XST synthesis
INSTANCE:processing_system7_0 - U:\Desktop\cpre488mp0\system\system.mhs line 93
- Running XST synthesis
INSTANCE:axi_vdma_0 - U:\Desktop\cpre488mp0\system\system.mhs line 183 - Running
XST synthesis
INSTANCE:axi_interconnect_1 - U:\Desktop\cpre488mp0\system\system.mhs line 199 -
Running XST synthesis
INSTANCE:v_tc_0 - U:\Desktop\cpre488mp0\system\system.mhs line 207 - Running XST
synthesis
INSTANCE:v_axi4s_vid_out_0 - U:\Desktop\cpre488mp0\system\system.mhs line 227 -
Running XST synthesis

Running NGCBUILD ...
IPNAME:system_axi4lite_0_wrapper INSTANCE:axi4lite_0 -
U:\Desktop\cpre488mp0\system\system.mhs line 43 - Running NGCBUILD
IPNAME:system_axi_vdma_0_wrapper INSTANCE:axi_vdma_0 -
U:\Desktop\cpre488mp0\system\system.mhs line 183 - Running NGCBUILD
IPNAME:system_axi_interconnect_1_wrapper INSTANCE:axi_interconnect_1 -
U:\Desktop\cpre488mp0\system\system.mhs line 199 - Running NGCBUILD
INFO:EDK:3509 - NCF files should not be modified as they will be regenerated.
   If any constraint needs to be overridden, this should be done by modifying
   the data/system.ucf file.

Rebuilding cache ...

Total run time: 610.00 seconds
