WARNING:EDK:878 - Could not find IP doc
   http://www.xilinx.com/cgi-bin/docs/ipdoc?c=axi_interconnect;v=v1_06_a;d=ds768
   _axi_interconnect.pdf
WARNING:EDK:878 - Could not find IP doc
   http://www.xilinx.com/cgi-bin/docs/ipdoc?c=axi_gpio;v=v1_01_b;d=ds744_axi_gpi
   o.pdf
WARNING:EDK:878 - Could not find IP doc
   http://www.xilinx.com/cgi-bin/docs/ipdoc?c=axi_gpio;v=v1_01_b;d=ds744_axi_gpi
   o.pdf
WARNING:EDK:878 - Could not find IP doc
   http://www.xilinx.com/cgi-bin/docs/ipdoc?c=axi_gpio;v=v1_01_b;d=ds744_axi_gpi
   o.pdf
WARNING:EDK:878 - Could not find IP doc
   http://www.xilinx.com/cgi-bin/docs/ipdoc?c=axi_vdma;v=v5_04_a;d=pg020_axi_vdm
   a.pdf
WARNING:EDK:878 - Could not find IP doc
   http://www.xilinx.com/cgi-bin/docs/ipdoc?c=axi_interconnect;v=v1_06_a;d=ds768
   _axi_interconnect.pdf
WARNING:EDK:878 - Could not find IP doc
   http://www.xilinx.com/cgi-bin/docs/ipdoc?c=v_tc;v=v5_01_a;d=pg016_v_tc.pdf
WARNING:EDK:878 - Could not find IP doc
   http://www.xilinx.com/cgi-bin/docs/ipdoc?c=v_axi4s_vid_out;v=v2_01_a;d=pg044_
   v_axis_vid_out.pdf
Generated Block Diagram.
Rasterizing axi4lite_0.jpg.....
Rasterizing SWs_8Bits.jpg.....
Rasterizing LEDs_8Bits.jpg.....
Rasterizing BTNs_5Bits.jpg.....
Rasterizing processing_system7_0.jpg.....
Rasterizing axi_vdma_0.jpg.....
Rasterizing axi_interconnect_1.jpg.....
Rasterizing v_tc_0.jpg.....
Rasterizing v_axi4s_vid_out_0.jpg.....
Rasterizing system_blkd.jpg.....
Report generated.
Report generation completed.
